2020-04-09 23:05:16,236 ERROR [main][DubboMetadataServiceInvocationHandler.java:54] - No provider available in [invoker :interface org.apache.dubbo.rpc.service.GenericService -> spring-cloud://localhost:9090/org.apache.dubbo.registry.RegistryService?anyhost=true&application=merchant-application&bind.ip=192.168.213.1&bind.port=20890&check=false&deprecated=false&dubbo=2.0.2&dynamic=true&generic=true&group=merchant-service&interface=com.alibaba.cloud.dubbo.service.DubboMetadataService&lazy=false&methods=getAllServiceKeys,getServiceRestMetadata,getExportedURLs,getAllExportedURLs&pid=9516&qos.enable=false&qos.port=22310&register=true&register.ip=192.168.213.1&release=2.7.3&remote.application=merchant-service&retries=-1&revision=2.1.0.RELEASE&side=consumer&sticky=false&timeout=3000&timestamp=1586444714510&version=1.0.0,directory: org.apache.dubbo.registry.integration.RegistryDirectory@383cdd4d, invoker :interface org.apache.dubbo.rpc.service.GenericService -> nacos://127.0.0.1:8848/org.apache.dubbo.registry.RegistryService?anyhost=true&application=merchant-application&category=providers&check=false&deprecated=false&dubbo=2.0.2&dynamic=true&generic=true&group=merchant-service&interface=com.alibaba.cloud.dubbo.service.DubboMetadataService&lazy=false&methods=getAllServiceKeys,getServiceRestMetadata,getExportedURLs,getAllExportedURLs&path=com.alibaba.cloud.dubbo.service.DubboMetadataService&pid=9516&protocol=dubbo&qos.enable=false&qos.port=22310&register=true&register.ip=192.168.213.1&release=2.7.3&remote.application=merchant-service&retries=-1&revision=2.1.0.RELEASE&side=consumer&sticky=false&timeout=3000&timestamp=1586444714510&version=1.0.0,directory: org.apache.dubbo.registry.integration.RegistryDirectory@a9a8ec3]
org.apache.dubbo.rpc.RpcException: No provider available in [invoker :interface org.apache.dubbo.rpc.service.GenericService -> spring-cloud://localhost:9090/org.apache.dubbo.registry.RegistryService?anyhost=true&application=merchant-application&bind.ip=192.168.213.1&bind.port=20890&check=false&deprecated=false&dubbo=2.0.2&dynamic=true&generic=true&group=merchant-service&interface=com.alibaba.cloud.dubbo.service.DubboMetadataService&lazy=false&methods=getAllServiceKeys,getServiceRestMetadata,getExportedURLs,getAllExportedURLs&pid=9516&qos.enable=false&qos.port=22310&register=true&register.ip=192.168.213.1&release=2.7.3&remote.application=merchant-service&retries=-1&revision=2.1.0.RELEASE&side=consumer&sticky=false&timeout=3000&timestamp=1586444714510&version=1.0.0,directory: org.apache.dubbo.registry.integration.RegistryDirectory@383cdd4d, invoker :interface org.apache.dubbo.rpc.service.GenericService -> nacos://127.0.0.1:8848/org.apache.dubbo.registry.RegistryService?anyhost=true&application=merchant-application&category=providers&check=false&deprecated=false&dubbo=2.0.2&dynamic=true&generic=true&group=merchant-service&interface=com.alibaba.cloud.dubbo.service.DubboMetadataService&lazy=false&methods=getAllServiceKeys,getServiceRestMetadata,getExportedURLs,getAllExportedURLs&path=com.alibaba.cloud.dubbo.service.DubboMetadataService&pid=9516&protocol=dubbo&qos.enable=false&qos.port=22310&register=true&register.ip=192.168.213.1&release=2.7.3&remote.application=merchant-service&retries=-1&revision=2.1.0.RELEASE&side=consumer&sticky=false&timeout=3000&timestamp=1586444714510&version=1.0.0,directory: org.apache.dubbo.registry.integration.RegistryDirectory@a9a8ec3]
	at org.apache.dubbo.rpc.cluster.support.RegistryAwareClusterInvoker.doInvoke(RegistryAwareClusterInvoker.java:59)
	at org.apache.dubbo.rpc.cluster.support.AbstractClusterInvoker.invoke(AbstractClusterInvoker.java:248)
	at org.apache.dubbo.rpc.cluster.support.wrapper.MockClusterInvoker.invoke(MockClusterInvoker.java:78)
	at org.apache.dubbo.rpc.proxy.InvokerInvocationHandler.invoke(InvokerInvocationHandler.java:55)
	at org.apache.dubbo.common.bytecode.proxy0.$invoke(proxy0.java)
	at com.alibaba.cloud.dubbo.service.DubboMetadataServiceInvocationHandler.invoke(DubboMetadataServiceInvocationHandler.java:49)
	at com.sun.proxy.$Proxy138.getServiceRestMetadata(Unknown Source)
	at com.alibaba.cloud.dubbo.metadata.repository.DubboServiceMetadataRepository.getServiceRestMetadataSet(DubboServiceMetadataRepository.java:591)
	at com.alibaba.cloud.dubbo.metadata.repository.DubboServiceMetadataRepository.initDubboRestServiceMetadataRepository(DubboServiceMetadataRepository.java:479)
	at com.alibaba.cloud.dubbo.metadata.repository.DubboServiceMetadataRepository.initializeMetadata(DubboServiceMetadataRepository.java:287)
	at com.alibaba.cloud.dubbo.registry.AbstractSpringCloudRegistry.subscribeDubboServiceURL(AbstractSpringCloudRegistry.java:228)
	at com.alibaba.cloud.dubbo.registry.AbstractSpringCloudRegistry.lambda$doSubscribeDubboServiceURLs$0(AbstractSpringCloudRegistry.java:204)
	at com.alibaba.cloud.dubbo.registry.AbstractSpringCloudRegistry$$Lambda$459/1680630881.accept(Unknown Source)
	at java.lang.Iterable.forEach(Iterable.java:75)
	at java.util.Collections$UnmodifiableCollection.forEach(Collections.java:1080)
	at com.alibaba.cloud.dubbo.registry.AbstractSpringCloudRegistry.doSubscribeDubboServiceURLs(AbstractSpringCloudRegistry.java:204)
	at com.alibaba.cloud.dubbo.registry.AbstractSpringCloudRegistry.subscribeDubboServiceURLs(AbstractSpringCloudRegistry.java:169)
	at com.alibaba.cloud.dubbo.registry.AbstractSpringCloudRegistry.doSubscribe(AbstractSpringCloudRegistry.java:163)
	at org.apache.dubbo.registry.support.FailbackRegistry.subscribe(FailbackRegistry.java:295)
	at org.apache.dubbo.registry.integration.RegistryDirectory.subscribe(RegistryDirectory.java:172)
	at org.apache.dubbo.registry.integration.RegistryProtocol.doRefer(RegistryProtocol.java:411)
	at org.apache.dubbo.registry.integration.RegistryProtocol.refer(RegistryProtocol.java:392)
	at org.apache.dubbo.rpc.protocol.ProtocolListenerWrapper.refer(ProtocolListenerWrapper.java:69)
	at org.apache.dubbo.rpc.protocol.ProtocolFilterWrapper.refer(ProtocolFilterWrapper.java:128)
	at org.apache.dubbo.qos.protocol.QosProtocolWrapper.refer(QosProtocolWrapper.java:70)
	at org.apache.dubbo.rpc.Protocol$Adaptive.refer(Protocol$Adaptive.java)
	at org.apache.dubbo.config.ReferenceConfig.createProxy(ReferenceConfig.java:401)
	at org.apache.dubbo.config.ReferenceConfig.init(ReferenceConfig.java:329)
	at org.apache.dubbo.config.ReferenceConfig.get(ReferenceConfig.java:250)
	at org.apache.dubbo.config.spring.beans.factory.annotation.ReferenceAnnotationBeanPostProcessor$ReferenceBeanInvocationHandler.init(ReferenceAnnotationBeanPostProcessor.java:269)
	at org.apache.dubbo.config.spring.beans.factory.annotation.ReferenceAnnotationBeanPostProcessor$ReferenceBeanInvocationHandler.access$100(ReferenceAnnotationBeanPostProcessor.java:242)
	at org.apache.dubbo.config.spring.beans.factory.annotation.ReferenceAnnotationBeanPostProcessor.buildInvocationHandler(ReferenceAnnotationBeanPostProcessor.java:236)
	at org.apache.dubbo.config.spring.beans.factory.annotation.ReferenceAnnotationBeanPostProcessor.buildProxy(ReferenceAnnotationBeanPostProcessor.java:219)
	at org.apache.dubbo.config.spring.beans.factory.annotation.ReferenceAnnotationBeanPostProcessor.doGetInjectedBean(ReferenceAnnotationBeanPostProcessor.java:134)
	at org.apache.dubbo.config.spring.beans.factory.annotation.AnnotationInjectedBeanPostProcessor.getInjectedObject(AnnotationInjectedBeanPostProcessor.java:360)
	at org.apache.dubbo.config.spring.beans.factory.annotation.AnnotationInjectedBeanPostProcessor$AnnotatedFieldElement.inject(AnnotationInjectedBeanPostProcessor.java:540)
	at org.springframework.beans.factory.annotation.InjectionMetadata.inject(InjectionMetadata.java:90)
	at org.apache.dubbo.config.spring.beans.factory.annotation.AnnotationInjectedBeanPostProcessor.postProcessPropertyValues(AnnotationInjectedBeanPostProcessor.java:147)
	at org.springframework.beans.factory.support.AbstractAutowireCapableBeanFactory.populateBean(AbstractAutowireCapableBeanFactory.java:1400)
	at org.springframework.beans.factory.support.AbstractAutowireCapableBeanFactory.doCreateBean(AbstractAutowireCapableBeanFactory.java:592)
	at org.springframework.beans.factory.support.AbstractAutowireCapableBeanFactory.createBean(AbstractAutowireCapableBeanFactory.java:515)
	at org.springframework.beans.factory.support.AbstractBeanFactory.lambda$doGetBean$0(AbstractBeanFactory.java:320)
	at org.springframework.beans.factory.support.AbstractBeanFactory$$Lambda$142/380812044.getObject(Unknown Source)
	at org.springframework.beans.factory.support.DefaultSingletonBeanRegistry.getSingleton(DefaultSingletonBeanRegistry.java:222)
	at org.springframework.beans.factory.support.AbstractBeanFactory.doGetBean(AbstractBeanFactory.java:318)
	at org.springframework.beans.factory.support.AbstractBeanFactory.getBean(AbstractBeanFactory.java:199)
	at org.springframework.beans.factory.support.DefaultListableBeanFactory.preInstantiateSingletons(DefaultListableBeanFactory.java:849)
	at org.springframework.context.support.AbstractApplicationContext.finishBeanFactoryInitialization(AbstractApplicationContext.java:877)
	at org.springframework.context.support.AbstractApplicationContext.refresh(AbstractApplicationContext.java:549)
	at org.springframework.boot.web.servlet.context.ServletWebServerApplicationContext.refresh(ServletWebServerApplicationContext.java:142)
	at org.springframework.boot.SpringApplication.refresh(SpringApplication.java:775)
	at org.springframework.boot.SpringApplication.refreshContext(SpringApplication.java:397)
	at org.springframework.boot.SpringApplication.run(SpringApplication.java:316)
	at org.springframework.boot.SpringApplication.run(SpringApplication.java:1260)
	at org.springframework.boot.SpringApplication.run(SpringApplication.java:1248)
	at com.shanjupay.merchant.MerchantApplicationBootstrap.main(MerchantApplicationBootstrap.java:22)
2020-04-09 23:05:16,240 ERROR [main][DubboMetadataServiceInvocationHandler.java:54] - No provider available in [invoker :interface org.apache.dubbo.rpc.service.GenericService -> spring-cloud://localhost:9090/org.apache.dubbo.registry.RegistryService?anyhost=true&application=merchant-application&bind.ip=192.168.213.1&bind.port=20890&check=false&deprecated=false&dubbo=2.0.2&dynamic=true&generic=true&group=merchant-service&interface=com.alibaba.cloud.dubbo.service.DubboMetadataService&lazy=false&methods=getAllServiceKeys,getServiceRestMetadata,getExportedURLs,getAllExportedURLs&pid=9516&qos.enable=false&qos.port=22310&register=true&register.ip=192.168.213.1&release=2.7.3&remote.application=merchant-service&retries=-1&revision=2.1.0.RELEASE&side=consumer&sticky=false&timeout=3000&timestamp=1586444714510&version=1.0.0,directory: org.apache.dubbo.registry.integration.RegistryDirectory@383cdd4d, invoker :interface org.apache.dubbo.rpc.service.GenericService -> nacos://127.0.0.1:8848/org.apache.dubbo.registry.RegistryService?anyhost=true&application=merchant-application&category=providers&check=false&deprecated=false&dubbo=2.0.2&dynamic=true&generic=true&group=merchant-service&interface=com.alibaba.cloud.dubbo.service.DubboMetadataService&lazy=false&methods=getAllServiceKeys,getServiceRestMetadata,getExportedURLs,getAllExportedURLs&path=com.alibaba.cloud.dubbo.service.DubboMetadataService&pid=9516&protocol=dubbo&qos.enable=false&qos.port=22310&register=true&register.ip=192.168.213.1&release=2.7.3&remote.application=merchant-service&retries=-1&revision=2.1.0.RELEASE&side=consumer&sticky=false&timeout=3000&timestamp=1586444714510&version=1.0.0,directory: org.apache.dubbo.registry.integration.RegistryDirectory@a9a8ec3]
org.apache.dubbo.rpc.RpcException: No provider available in [invoker :interface org.apache.dubbo.rpc.service.GenericService -> spring-cloud://localhost:9090/org.apache.dubbo.registry.RegistryService?anyhost=true&application=merchant-application&bind.ip=192.168.213.1&bind.port=20890&check=false&deprecated=false&dubbo=2.0.2&dynamic=true&generic=true&group=merchant-service&interface=com.alibaba.cloud.dubbo.service.DubboMetadataService&lazy=false&methods=getAllServiceKeys,getServiceRestMetadata,getExportedURLs,getAllExportedURLs&pid=9516&qos.enable=false&qos.port=22310&register=true&register.ip=192.168.213.1&release=2.7.3&remote.application=merchant-service&retries=-1&revision=2.1.0.RELEASE&side=consumer&sticky=false&timeout=3000&timestamp=1586444714510&version=1.0.0,directory: org.apache.dubbo.registry.integration.RegistryDirectory@383cdd4d, invoker :interface org.apache.dubbo.rpc.service.GenericService -> nacos://127.0.0.1:8848/org.apache.dubbo.registry.RegistryService?anyhost=true&application=merchant-application&category=providers&check=false&deprecated=false&dubbo=2.0.2&dynamic=true&generic=true&group=merchant-service&interface=com.alibaba.cloud.dubbo.service.DubboMetadataService&lazy=false&methods=getAllServiceKeys,getServiceRestMetadata,getExportedURLs,getAllExportedURLs&path=com.alibaba.cloud.dubbo.service.DubboMetadataService&pid=9516&protocol=dubbo&qos.enable=false&qos.port=22310&register=true&register.ip=192.168.213.1&release=2.7.3&remote.application=merchant-service&retries=-1&revision=2.1.0.RELEASE&side=consumer&sticky=false&timeout=3000&timestamp=1586444714510&version=1.0.0,directory: org.apache.dubbo.registry.integration.RegistryDirectory@a9a8ec3]
	at org.apache.dubbo.rpc.cluster.support.RegistryAwareClusterInvoker.doInvoke(RegistryAwareClusterInvoker.java:59)
	at org.apache.dubbo.rpc.cluster.support.AbstractClusterInvoker.invoke(AbstractClusterInvoker.java:248)
	at org.apache.dubbo.rpc.cluster.support.wrapper.MockClusterInvoker.invoke(MockClusterInvoker.java:78)
	at org.apache.dubbo.rpc.proxy.InvokerInvocationHandler.invoke(InvokerInvocationHandler.java:55)
	at org.apache.dubbo.common.bytecode.proxy0.$invoke(proxy0.java)
	at com.alibaba.cloud.dubbo.service.DubboMetadataServiceInvocationHandler.invoke(DubboMetadataServiceInvocationHandler.java:49)
	at com.sun.proxy.$Proxy138.getExportedURLs(Unknown Source)
	at com.alibaba.cloud.dubbo.registry.AbstractSpringCloudRegistry.getExportedURLs(AbstractSpringCloudRegistry.java:328)
	at com.alibaba.cloud.dubbo.registry.AbstractSpringCloudRegistry.subscribeDubboServiceURL(AbstractSpringCloudRegistry.java:260)
	at com.alibaba.cloud.dubbo.registry.AbstractSpringCloudRegistry.lambda$doSubscribeDubboServiceURLs$0(AbstractSpringCloudRegistry.java:204)
	at com.alibaba.cloud.dubbo.registry.AbstractSpringCloudRegistry$$Lambda$459/1680630881.accept(Unknown Source)
	at java.lang.Iterable.forEach(Iterable.java:75)
	at java.util.Collections$UnmodifiableCollection.forEach(Collections.java:1080)
	at com.alibaba.cloud.dubbo.registry.AbstractSpringCloudRegistry.doSubscribeDubboServiceURLs(AbstractSpringCloudRegistry.java:204)
	at com.alibaba.cloud.dubbo.registry.AbstractSpringCloudRegistry.subscribeDubboServiceURLs(AbstractSpringCloudRegistry.java:169)
	at com.alibaba.cloud.dubbo.registry.AbstractSpringCloudRegistry.doSubscribe(AbstractSpringCloudRegistry.java:163)
	at org.apache.dubbo.registry.support.FailbackRegistry.subscribe(FailbackRegistry.java:295)
	at org.apache.dubbo.registry.integration.RegistryDirectory.subscribe(RegistryDirectory.java:172)
	at org.apache.dubbo.registry.integration.RegistryProtocol.doRefer(RegistryProtocol.java:411)
	at org.apache.dubbo.registry.integration.RegistryProtocol.refer(RegistryProtocol.java:392)
	at org.apache.dubbo.rpc.protocol.ProtocolListenerWrapper.refer(ProtocolListenerWrapper.java:69)
	at org.apache.dubbo.rpc.protocol.ProtocolFilterWrapper.refer(ProtocolFilterWrapper.java:128)
	at org.apache.dubbo.qos.protocol.QosProtocolWrapper.refer(QosProtocolWrapper.java:70)
	at org.apache.dubbo.rpc.Protocol$Adaptive.refer(Protocol$Adaptive.java)
	at org.apache.dubbo.config.ReferenceConfig.createProxy(ReferenceConfig.java:401)
	at org.apache.dubbo.config.ReferenceConfig.init(ReferenceConfig.java:329)
	at org.apache.dubbo.config.ReferenceConfig.get(ReferenceConfig.java:250)
	at org.apache.dubbo.config.spring.beans.factory.annotation.ReferenceAnnotationBeanPostProcessor$ReferenceBeanInvocationHandler.init(ReferenceAnnotationBeanPostProcessor.java:269)
	at org.apache.dubbo.config.spring.beans.factory.annotation.ReferenceAnnotationBeanPostProcessor$ReferenceBeanInvocationHandler.access$100(ReferenceAnnotationBeanPostProcessor.java:242)
	at org.apache.dubbo.config.spring.beans.factory.annotation.ReferenceAnnotationBeanPostProcessor.buildInvocationHandler(ReferenceAnnotationBeanPostProcessor.java:236)
	at org.apache.dubbo.config.spring.beans.factory.annotation.ReferenceAnnotationBeanPostProcessor.buildProxy(ReferenceAnnotationBeanPostProcessor.java:219)
	at org.apache.dubbo.config.spring.beans.factory.annotation.ReferenceAnnotationBeanPostProcessor.doGetInjectedBean(ReferenceAnnotationBeanPostProcessor.java:134)
	at org.apache.dubbo.config.spring.beans.factory.annotation.AnnotationInjectedBeanPostProcessor.getInjectedObject(AnnotationInjectedBeanPostProcessor.java:360)
	at org.apache.dubbo.config.spring.beans.factory.annotation.AnnotationInjectedBeanPostProcessor$AnnotatedFieldElement.inject(AnnotationInjectedBeanPostProcessor.java:540)
	at org.springframework.beans.factory.annotation.InjectionMetadata.inject(InjectionMetadata.java:90)
	at org.apache.dubbo.config.spring.beans.factory.annotation.AnnotationInjectedBeanPostProcessor.postProcessPropertyValues(AnnotationInjectedBeanPostProcessor.java:147)
	at org.springframework.beans.factory.support.AbstractAutowireCapableBeanFactory.populateBean(AbstractAutowireCapableBeanFactory.java:1400)
	at org.springframework.beans.factory.support.AbstractAutowireCapableBeanFactory.doCreateBean(AbstractAutowireCapableBeanFactory.java:592)
	at org.springframework.beans.factory.support.AbstractAutowireCapableBeanFactory.createBean(AbstractAutowireCapableBeanFactory.java:515)
	at org.springframework.beans.factory.support.AbstractBeanFactory.lambda$doGetBean$0(AbstractBeanFactory.java:320)
	at org.springframework.beans.factory.support.AbstractBeanFactory$$Lambda$142/380812044.getObject(Unknown Source)
	at org.springframework.beans.factory.support.DefaultSingletonBeanRegistry.getSingleton(DefaultSingletonBeanRegistry.java:222)
	at org.springframework.beans.factory.support.AbstractBeanFactory.doGetBean(AbstractBeanFactory.java:318)
	at org.springframework.beans.factory.support.AbstractBeanFactory.getBean(AbstractBeanFactory.java:199)
	at org.springframework.beans.factory.support.DefaultListableBeanFactory.preInstantiateSingletons(DefaultListableBeanFactory.java:849)
	at org.springframework.context.support.AbstractApplicationContext.finishBeanFactoryInitialization(AbstractApplicationContext.java:877)
	at org.springframework.context.support.AbstractApplicationContext.refresh(AbstractApplicationContext.java:549)
	at org.springframework.boot.web.servlet.context.ServletWebServerApplicationContext.refresh(ServletWebServerApplicationContext.java:142)
	at org.springframework.boot.SpringApplication.refresh(SpringApplication.java:775)
	at org.springframework.boot.SpringApplication.refreshContext(SpringApplication.java:397)
	at org.springframework.boot.SpringApplication.run(SpringApplication.java:316)
	at org.springframework.boot.SpringApplication.run(SpringApplication.java:1260)
	at org.springframework.boot.SpringApplication.run(SpringApplication.java:1248)
	at com.shanjupay.merchant.MerchantApplicationBootstrap.main(MerchantApplicationBootstrap.java:22)
